2024.08.06 11:18:53 INFO  Started: Metals version 1.3.5 in folders '/Users/ajwuth/Code/Practicum/Practicum-3155' for client Visual Studio Code 1.92.0.
SLF4J(W): Class path contains multiple SLF4J providers.
SLF4J(W): Found provider [scribe.slf4j.ScribeServiceProvider@73f573b2]
SLF4J(W): Found provider [ch.qos.logback.classic.spi.LogbackServiceProvider@76bd59c]
SLF4J(W): See https://www.slf4j.org/codes.html#multiple_bindings for an explanation.
SLF4J(I): Actual provider is of type [scribe.slf4j.ScribeServiceProvider@73f573b2]
2024.08.06 11:18:54 WARN  Flyway upgrade recommended: H2 2.3.230 is newer than this version of Flyway and support has not been tested. The latest supported version of H2 is 2.2.220.
2024.08.06 11:18:58 INFO  running '/usr/local/bin/sbt -Dbloop.export-jar-classifiers=sources bloopInstall'
2024.08.06 11:18:58 WARN  no build target for: /Users/ajwuth/Code/Practicum/Practicum-3155/project/metals.sbt
2024.08.06 11:18:59 WARN  no build target for: /Users/ajwuth/Code/Practicum/Practicum-3155/project/project/metals.sbt
2024.08.06 11:18:59 INFO  no build target found for /Users/ajwuth/Code/Practicum/Practicum-3155/project/metals.sbt. Using presentation compiler with project's scala-library version: 3.3.3
2024.08.06 11:19:05 INFO  no build target found for /Users/ajwuth/Code/Practicum/Practicum-3155/project/project/metals.sbt. Using presentation compiler with project's scala-library version: 3.3.3
2024.08.06 11:19:05 INFO  [info] Updated file /Users/ajwuth/Code/Practicum/Practicum-3155/project/build.properties: set sbt.version to 1.10.1
2024.08.06 11:19:05 INFO  [info] welcome to sbt 1.10.1 (Eclipse Adoptium Java 17)
2024.08.06 11:19:11 INFO  [info] loading settings for project practicum-3155-build-build from metals.sbt ...
2024.08.06 11:19:13 INFO  [info] loading project definition from /Users/ajwuth/Code/Practicum/Practicum-3155/project/project
2024.08.06 11:19:17 INFO  [info] loading settings for project practicum-3155-build from metals.sbt ...
2024.08.06 11:19:17 INFO  [info] loading project definition from /Users/ajwuth/Code/Practicum/Practicum-3155/project
2024.08.06 11:19:21 WARN  no build target for: /Users/ajwuth/Code/Practicum/Practicum-3155/project/metals.sbt
2024.08.06 11:19:21 WARN  no build target for: /Users/ajwuth/Code/Practicum/Practicum-3155/project/project/metals.sbt
2024.08.06 11:19:22 INFO  [success] Generated .bloop/practicum-3155-build.json
2024.08.06 11:19:22 INFO  [warn] Removed stale /Users/ajwuth/Code/Practicum/Practicum-3155/project/.bloop/languagetesting_finalpracticum-build.json
2024.08.06 11:19:22 INFO  [success] Total time: 5 s, completed Aug 6, 2024, 11:19:22 AM
2024.08.06 11:19:25 INFO  [info] loading settings for project root from build.sbt ...
2024.08.06 11:19:25 INFO  [info] set current project to LanguageTesting_FinalPracticum (in build file:/Users/ajwuth/Code/Practicum/Practicum-3155/)
2024.08.06 11:19:27 INFO  [success] Generated .bloop/root.json
2024.08.06 11:19:27 INFO  [success] Generated .bloop/root-test.json
2024.08.06 11:19:27 INFO  [success] Total time: 1 s, completed Aug 6, 2024, 11:19:27 AM
2024.08.06 11:19:27 INFO  time: ran 'sbt bloopInstall' in 29s
2024.08.06 11:19:27 INFO  Attempting to connect to the build server...
2024.08.06 11:19:27 INFO  tracing is disabled for protocol BSP, to enable tracing of incoming and outgoing JSON messages create an empty file at /Users/ajwuth/Code/Practicum/Practicum-3155/.metals/bsp.trace.json or /Users/ajwuth/Library/Caches/org.scalameta.metals/bsp.trace.json
2024.08.06 11:19:28 INFO  Attempting to connect to the build server...
2024.08.06 11:19:28 INFO  tracing is disabled for protocol BSP, to enable tracing of incoming and outgoing JSON messages create an empty file at /Users/ajwuth/Code/Practicum/Practicum-3155/project/.metals/bsp.trace.json or /Users/ajwuth/Library/Caches/org.scalameta.metals/bsp.trace.json
2024.08.06 11:19:28 INFO  time: Connected to build server in 1.2s
2024.08.06 11:19:28 INFO  Connected to Build server: Bloop v1.6.0
2024.08.06 11:19:28 INFO  time: Imported build in 0.15s
2024.08.06 11:19:28 INFO  running doctor check
2024.08.06 11:19:28 INFO  java targets: practicum-3155-build, root, root-test
2024.08.06 11:19:34 WARN  Flyway upgrade recommended: H2 2.3.230 is newer than this version of Flyway and support has not been tested. The latest supported version of H2 is 2.2.220.
2024.08.06 11:19:47 INFO  time: indexed workspace in 18s
